e:\hoc tap\study\nam hai\hk2\mmt\th\doan_socket\sourceo\files_server\fileserver\client\x64\debug\client.pch
e:\hoc tap\study\nam hai\hk2\mmt\th\doan_socket\sourceo\files_server\fileserver\client\x64\debug\vc142.pdb
e:\hoc tap\study\nam hai\hk2\mmt\th\doan_socket\sourceo\files_server\fileserver\client\x64\debug\vc142.idb
e:\hoc tap\study\nam hai\hk2\mmt\th\doan_socket\sourceo\files_server\fileserver\client\x64\debug\pch.obj
e:\hoc tap\study\nam hai\hk2\mmt\th\doan_socket\sourceo\files_server\fileserver\client\x64\debug\signindlg.obj
e:\hoc tap\study\nam hai\hk2\mmt\th\doan_socket\sourceo\files_server\fileserver\client\x64\debug\clientdlg.obj
e:\hoc tap\study\nam hai\hk2\mmt\th\doan_socket\sourceo\files_server\fileserver\client\x64\debug\client.obj
e:\hoc tap\study\nam hai\hk2\mmt\th\doan_socket\sourceo\files_server\fileserver\x64\debug\client.ilk
e:\hoc tap\study\nam hai\hk2\mmt\th\doan_socket\sourceo\files_server\fileserver\x64\debug\client.exe
e:\hoc tap\study\nam hai\hk2\mmt\th\doan_socket\sourceo\files_server\fileserver\x64\debug\client.pdb
e:\hoc tap\study\nam hai\hk2\mmt\th\doan_socket\sourceo\files_server\fileserver\client\x64\debug\client.res
e:\hoc tap\study\nam hai\hk2\mmt\th\doan_socket\sourceo\files_server\fileserver\client\x64\debug\client.tlog\cl.command.1.tlog
e:\hoc tap\study\nam hai\hk2\mmt\th\doan_socket\sourceo\files_server\fileserver\client\x64\debug\client.tlog\cl.read.1.tlog
e:\hoc tap\study\nam hai\hk2\mmt\th\doan_socket\sourceo\files_server\fileserver\client\x64\debug\client.tlog\cl.write.1.tlog
e:\hoc tap\study\nam hai\hk2\mmt\th\doan_socket\sourceo\files_server\fileserver\client\x64\debug\client.tlog\link.command.1.tlog
e:\hoc tap\study\nam hai\hk2\mmt\th\doan_socket\sourceo\files_server\fileserver\client\x64\debug\client.tlog\link.read.1.tlog
e:\hoc tap\study\nam hai\hk2\mmt\th\doan_socket\sourceo\files_server\fileserver\client\x64\debug\client.tlog\link.write.1.tlog
e:\hoc tap\study\nam hai\hk2\mmt\th\doan_socket\sourceo\files_server\fileserver\client\x64\debug\client.tlog\rc.command.1.tlog
e:\hoc tap\study\nam hai\hk2\mmt\th\doan_socket\sourceo\files_server\fileserver\client\x64\debug\client.tlog\rc.read.1.tlog
e:\hoc tap\study\nam hai\hk2\mmt\th\doan_socket\sourceo\files_server\fileserver\client\x64\debug\client.tlog\rc.write.1.tlog
